 
2017-08-16T18:14:55+0000 <info> UserAuth.js:71 (Query._callback) UserAuth Login [ RowDataPacket { Message: 'Invalid User ID.' } ] { UserId: 'risiraja@gmail.com', Password: 'risi@123' }
2017-08-17T01:03:26+0000 <info> UserAuth.js:192 (Query._callback) UserAuth User Update [ RowDataPacket {
    ContactNo: '9876543210',
    Gender: 'Male',
    UserId: 'risiraja@gmail.com',
    FullName: 'Risi Raja',
    CustomerId: 'C0001',
    Password: 'sha1$35c4155f$1$6efa9c0a13864c5b5959335f983250c4910770ff',
    Message: '' } ] { UserId: 'risiraja@gmail.com',
  ContactNo: '9876543210',
  Gender: 'Male',
  DOB: '1990-01-01' }
2017-08-17T01:43:12+0000 <info> Address.js:61 (Query._callback) Address GetAddress [ RowDataPacket { Message: 'Data has been saved successfully.' } ] { Name: 'Risi Raja',
  UserId: 'risiraja@gmail.com',
  UserType: 'Customer',
  Line1: 'Baner ,Pune',
  Line2: '',
  Line3: '',
  Landmark: 'Aker Solution',
  State: 'MH',
  City: 'Pune',
  Pincode: '411045',
  Country: 'India',
  Phone1: '9876543210',
  Phone2: '',
  IsDefult: '1' }
2017-08-19T18:11:34+0000 <info> UserAuth.js:54 (Query._callback) UserAuth Login [ RowDataPacket {
    ContactNo: '9876543210',
    Gender: 'Male',
    UserId: 'risiraja@gmail.com',
    FullName: 'Risi Raja',
    CustomerId: 'C0001',
    Password: 'sha1$35c4155f$1$6efa9c0a13864c5b5959335f983250c4910770ff',
    Message: '' } ] { UserId: 'risiraja@gmail.com', Password: 'risi@123' }
2017-08-19T18:11:48+0000 <info> UserAuth.js:54 (Query._callback) UserAuth Login [ RowDataPacket {
    ContactNo: '9876543210',
    Gender: 'Male',
    UserId: 'risiraja@gmail.com',
    FullName: 'Risi Raja',
    CustomerId: 'C0001',
    Password: 'sha1$35c4155f$1$6efa9c0a13864c5b5959335f983250c4910770ff',
    Message: '' } ] { UserId: 'risiraja@gmail.com', Password: 'risi@123' }
2017-08-19T18:11:52+0000 <info> UserAuth.js:54 (Query._callback) UserAuth Login [ RowDataPacket {
    ContactNo: '9876543210',
    Gender: 'Male',
    UserId: 'risiraja@gmail.com',
    FullName: 'Risi Raja',
    CustomerId: 'C0001',
    Password: 'sha1$35c4155f$1$6efa9c0a13864c5b5959335f983250c4910770ff',
    Message: '' } ] { UserId: 'risiraja@gmail.com', Password: 'risi@123' }
2017-08-19T18:12:02+0000 <info> UserAuth.js:71 (Query._callback) UserAuth Login [ RowDataPacket { Message: 'Invalid User ID.' } ] { UserId: 'ghgghhg@gmail.com', Password: 'risi@123' }
2017-08-19T18:12:12+0000 <info> UserAuth.js:62 (Query._callback) UserAuth Login [ RowDataPacket {
    ContactNo: '9876543210',
    Gender: 'Male',
    UserId: 'gourav@db.com',
    FullName: 'gourav Pal',
    CustomerId: 'gourav20170808',
    Password: 'sha1$ed2f50fd$1$9d300dc13f25579400d8e060458b395282979b21',
    Message: '' } ] { DiveceDetails: 'ANDROID: motorola, XT1635-02, NPN26.118-22',
  UserId: 'gourav@db.com',
  Password: 'gourav@123/' }
2017-08-19T18:16:22+0000 <info> UserAuth.js:71 (Query._callback) UserAuth Login [ RowDataPacket { Message: 'Invalid User ID.' } ] { UserId: 'ghgghhg@gmail.com', Password: 'risi@123' }
2017-08-19T18:16:30+0000 <info> UserAuth.js:62 (Query._callback) UserAuth Login [ RowDataPacket {
    ContactNo: '9876543210',
    Gender: 'Male',
    UserId: 'gourav@db.com',
    FullName: 'gourav Pal',
    CustomerId: 'gourav20170808',
    Password: 'sha1$ed2f50fd$1$9d300dc13f25579400d8e060458b395282979b21',
    Message: '' } ] { DiveceDetails: 'ANDROID: motorola, XT1635-02, NPN26.118-22',
  UserId: 'gourav@db.com',
  Password: 'gourav@123/' }
2017-08-19T18:17:09+0000 <info> UserAuth.js:127 (Query._callback) UserAuth Register [ RowDataPacket {
    ContactNo: '8956325635',
    Gender: 'Male',
    UserId: 'gouravpal@gm.com',
    FullName: 'Gourav Pal',
    CustomerId: 'C0001',
    Password: 'sha1$3f589ea2$1$f670135df609490f082014d45f4b77a7026664d3',
    Message: '' } ] { ContactNo: '8956325635',
  Email: 'gouravpal@gm.com',
  FirstName: 'Gourav',
  Gender: 'Male',
  IsSocial: '0',
  LastName: 'Pal',
  LoginType: 'customer',
  Password: 'Gourav@123',
  ReferralCode: '' }
2017-08-19T18:17:52+0000 <info> UserAuth.js:54 (Query._callback) UserAuth Login [ RowDataPacket {
    ContactNo: '8956325635',
    Gender: 'Male',
    UserId: 'gouravpal@gm.com',
    FullName: 'Gourav Pal',
    CustomerId: 'C0001',
    Password: 'sha1$3f589ea2$1$f670135df609490f082014d45f4b77a7026664d3',
    Message: '' } ] { DiveceDetails: 'ANDROID: motorola, XT1635-02, NPN26.118-22',
  UserId: 'gouravpal@gm.com',
  Password: 'Gourav@123' }
2017-08-19T18:19:04+0000 <info> Address.js:61 (Query._callback) Address GetAddress [ RowDataPacket { Message: 'Data has been saved successfully.' } ] { City: 'Pune',
  Country: 'India',
  IsDefault: '1',
  Landmark: 'Aker Solutions',
  Line1: 'Baner',
  Line2: 'Baner',
  Name: 'Gourav Pal',
  Phone1: '98523652368',
  Phone2: '',
  Pincode: '411045',
  State: 'Maharashtra',
  UserId: 'gouravpal@gm.com' }
2017-08-19T18:25:53+0000 <info> Address.js:61 (Query._callback) Address GetAddress [ RowDataPacket { Message: 'Data has been saved successfully.' } ] { City: 'Pune',
  Country: 'India',
  IsDefault: '1',
  Landmark: 'Aker Solutions',
  Line1: 'Baner',
  Line2: 'Baner',
  Name: 'Gourav Pal',
  Phone1: '8965236523',
  Phone2: '9856325698',
  Pincode: '657897',
  State: 'MH',
  UserId: 'gouravpal@gm.com',
  UserType: 'Customer' }
2017-08-19T18:43:06+0000 <info> Address.js:61 (Query._callback) Address GetAddress [ RowDataPacket { Message: 'Data has been saved successfully.' } ] { City: 'Pune',
  Country: 'India',
  IsDefault: '1',
  Landmark: 'Aker Solutions',
  Line1: 'Baner',
  Line2: 'Baner',
  Name: 'Gourav Pal',
  Phone1: '8965236523',
  Phone2: '9856325698',
  Pincode: '657897',
  State: 'MH',
  UserId: 'gouravpal@gm.com',
  UserType: 'Customer' }
2017-08-19T18:48:43+0000 <info> Address.js:61 (Query._callback) Address GetAddress [ RowDataPacket { Message: 'Data has been saved successfully.' } ] { City: 'Pune',
  Country: 'India',
  IsDefault: '0',
  Landmark: 'Aker Solutions',
  Line1: 'Baner',
  Line2: 'Baner',
  Name: 'Gourav Pal',
  Phone1: '8965236523',
  Phone2: '9856325698',
  Pincode: '657897',
  State: 'MH',
  UserId: 'gouravpal@gm.com',
  UserType: 'Customer' }
2017-08-19T19:14:34+0000 <info> UserAuth.js:127 (Query._callback) UserAuth Register [ RowDataPacket {
    ContactNo: null,
    Gender: null,
    UserId: 'gouravpal1991@gmail.com',
    FullName: 'Gourav Pal',
    CustomerId: 'C0001',
    Password: '',
    Message: '' } ] { Email: 'gouravpal1991@gmail.com',
  FirstName: 'Gourav',
  IsSocial: '1',
  LastName: 'Pal',
  LoginType: 'customer',
  SocialMediaAccessToken: 'eyJhbGciOiJSUzI1NiIsImtpZCI6IjEwOTMxYWFjNWVjMWVjZThmOGY0NmMwNThjY2MzMTZjOTk3ZjY2ZDMifQ.eyJhenAiOiI4NTcyODcxNDUwODMtaWVuMzhzYjQ0NW1sMGlnNTBjYW4xYWNmYmluYzVqcTcuYXBwcy5nb29nbGV1c2VyY29udGVudC5jb20iLCJhdWQiOiI4NTcyODcxNDUwODMtMnRsNGM5dHEzNDdtMnI3dnQ2cWprNWxtdDRmcTAyMHEuYXBwcy5nb29nbGV1c2VyY29udGVudC5jb20iLCJzdWIiOiIxMDg3NTI0MTEwMjc1NzY2NjY4MTUiLCJlbWFpbCI6ImdvdXJhdnBhbDE5OTFAZ21haWwuY29tIiwiZW1haWxfdmVyaWZpZWQiOnRydWUsImlzcyI6Imh0dHBzOi8vYWNjb3VudHMuZ29vZ2xlLmNvbSIsImlhdCI6MTUwMzE3MDA3NCwiZXhwIjoxNTAzMTczNjc0LCJuYW1lIjoiR291cmF2IFBhbCIsInBpY3R1cmUiOiJodHRwczovL2xoMy5nb29nbGV1c2VyY29udGVudC5jb20vLTF3WnFsa0Z2ZGRjL0FBQUFBQUFBQUFJL0FBQUFBQUFBR2dBLzhJSFUyS2NLSGZnL3M5Ni1jL3Bob3RvLmpwZyIsImdpdmVuX25hbWUiOiJHb3VyYXYiLCJmYW1pbHlfbmFtZSI6IlBhbCIsImxvY2FsZSI6ImVuIn0.WxlBKU_nVmuC4HycuVN-u6yZgB9C2zyrsm4gu2cCTuuyONG4YxUsthmuvguKGQayO0Bz6XS1GIaausV1iHixQeGsFY5XsRZIXPT7ATm1BXsVDf7EVg7Dx1_DWHnUZiExWr-vUhOIouxCmY7gjYHtoItBy_4PFQZS_oFn8dts5einQZjz_pKC_OIcZYsHXVW_u7NFS0YoOenUaflyAx7SPVMhGYsyFsdBs_JuqQ2d3wE8AcFcni_gG9nHI55XeGoKrIzCZLAWbDXpCmz7uxTL9terJMjSjDVv4rwSyI08l2n9x60xGvJnp3sPXc_aO6AP-aBgBWsgAvkIPN9PLABvJQ',
  SocialMediaType: 'G' }
2017-08-20T03:25:12+0000 <info> UserAuth.js:54 (Query._callback) UserAuth Login [ RowDataPacket {
    ContactNo: '9876543210',
    Gender: 'Male',
    UserId: 'risiraja@gmail.com',
    FullName: 'Risi Raja',
    CustomerId: 'C0001',
    Password: 'sha1$35c4155f$1$6efa9c0a13864c5b5959335f983250c4910770ff',
    Message: '' } ] { UserId: 'risiraja@gmail.com', Password: 'risi@123' }
2017-08-20T03:50:29+0000 <info> UserAuth.js:127 (Query._callback) UserAuth Register [ RowDataPacket {
    ContactNo: '9856235689',
    Gender: 'Male',
    UserId: 'shiv@gmail.com',
    FullName: 'shivnath pal',
    CustomerId: 'C0001',
    Password: 'sha1$4bd7c1b5$1$e680fdedb5ffda68290d18b87ae029544aec6960',
    Message: '' } ] { ContactNo: '9856235689',
  Email: 'shiv@gmail.com',
  FirstName: 'shivnath',
  Gender: 'Male',
  IsSocial: '0',
  LastName: 'pal',
  LoginType: 'customer',
  Password: 'Shiv@123',
  ReferralCode: '' }
2017-08-20T04:23:07+0000 <info> UserAuth.js:54 (Query._callback) UserAuth Login [ RowDataPacket {
    ContactNo: '9876543210',
    Gender: 'Male',
    UserId: 'risiraja@gmail.com',
    FullName: 'Risi Raja',
    CustomerId: 'C0001',
    Password: 'sha1$35c4155f$1$6efa9c0a13864c5b5959335f983250c4910770ff',
    Message: '' } ] { UserId: 'risiraja@gmail.com', Password: 'risi@123' }
2017-08-20T05:41:47+0000 <info> UserAuth.js:192 (Query._callback) UserAuth User Update [ RowDataPacket {
    ContactNo: '9876543210',
    Gender: 'Male',
    UserId: 'risiraja@gmail.com',
    FullName: 'Risi Raja',
    CustomerId: 'C0001',
    Password: 'sha1$35c4155f$1$6efa9c0a13864c5b5959335f983250c4910770ff',
    Message: '' } ] { UserId: 'risiraja@gmail.com',
  ContactNo: '9876543210',
  Gender: 'Male',
  DOB: '15-08-1994' }
2017-08-20T06:11:08+0000 <info> UserAuth.js:192 (Query._callback) UserAuth User Update [ RowDataPacket {
    ContactNo: '2356895236',
    Gender: 'Male',
    UserId: 'shiv@gmail.com',
    FullName: 'shivnath pal',
    CustomerId: 'C0001',
    Password: 'sha1$4bd7c1b5$1$e680fdedb5ffda68290d18b87ae029544aec6960',
    Message: '' } ] { ContactNo: '2356895236',
  DOB: '',
  Gender: 'Male',
  UserId: 'shiv@gmail.com' }
2017-08-20T06:13:20+0000 <info> UserAuth.js:192 (Query._callback) UserAuth User Update [ RowDataPacket {
    ContactNo: '9658235623',
    Gender: 'Male',
    UserId: 'shiv@gmail.com',
    FullName: 'shivnath pal',
    CustomerId: 'C0001',
    Password: 'sha1$4bd7c1b5$1$e680fdedb5ffda68290d18b87ae029544aec6960',
    Message: '' } ] { ContactNo: '9658235623',
  DOB: '',
  Gender: 'Male',
  UserId: 'shiv@gmail.com' }
2017-08-20T06:13:31+0000 <info> UserAuth.js:192 (Query._callback) UserAuth User Update [ RowDataPacket {
    ContactNo: '9658235623',
    Gender: 'Male',
    UserId: 'shiv@gmail.com',
    FullName: 'shivnath pal',
    CustomerId: 'C0001',
    Password: 'sha1$4bd7c1b5$1$e680fdedb5ffda68290d18b87ae029544aec6960',
    Message: '' } ] { ContactNo: '9658235623',
  DOB: '08/20/2017',
  Gender: 'Male',
  UserId: 'shiv@gmail.com' }
2017-08-20T06:15:32+0000 <info> UserAuth.js:192 (Query._callback) UserAuth User Update [ RowDataPacket {
    ContactNo: '9658235623',
    Gender: 'Male',
    UserId: 'shiv@gmail.com',
    FullName: 'shivnath pal',
    CustomerId: 'C0001',
    Password: 'sha1$4bd7c1b5$1$e680fdedb5ffda68290d18b87ae029544aec6960',
    Message: '' } ] { ContactNo: '9658235623',
  DOB: '',
  Gender: 'Male',
  UserId: 'shiv@gmail.com' }
2017-08-20T06:36:22+0000 <info> UserAuth.js:192 (Query._callback) UserAuth User Update [ RowDataPacket {
    ContactNo: '9658235623',
    Gender: 'Male',
    UserId: 'shiv@gmail.com',
    FullName: 'shivnath pal',
    CustomerId: 'C0001',
    Password: 'sha1$4bd7c1b5$1$e680fdedb5ffda68290d18b87ae029544aec6960',
    Message: '' } ] { ContactNo: '9658235623',
  DOB: '',
  Gender: 'Male',
  UserId: 'shiv@gmail.com' }
2017-08-20T07:21:20+0000 <info> Address.js:61 (Query._callback) Address GetAddress [ RowDataPacket { Message: 'Data has been saved successfully.' } ] { Name: 'Risi Raja',
  UserId: 'risiraja@gmail.com',
  UserType: 'Customer',
  Line1: 'Baner ,Pune',
  Line2: '',
  Line3: '',
  Landmark: 'Aker Solution',
  State: 'MH',
  City: 'Pune',
  Pincode: '411045',
  Country: 'India',
  Phone1: '9876543210',
  Phone2: '',
  IsDefault: '1' }
2017-08-20T08:09:49+0000 <info> Address.js:61 (Query._callback) Address GetAddress [ RowDataPacket { Message: 'Data has been saved successfully.' } ] { Name: 'Risi Raja',
  UserId: 'risiraja@gmail.com',
  UserType: 'Customer',
  Line1: 'Baner ,Pune',
  Line2: '',
  Line3: '',
  Landmark: 'Aker Solution',
  State: 'MH',
  City: 'Pune',
  Pincode: '411045',
  Country: 'India',
  Phone1: '9876543210',
  Phone2: '',
  IsDefault: '1' }
2017-08-20T08:10:34+0000 <info> Address.js:61 (Query._callback) Address GetAddress [ RowDataPacket { Message: 'Data has been saved successfully.' } ] { Name: 'Risi Raja',
  UserId: 'risiraja@gmail.com',
  UserType: 'Customer',
  Line1: 'Baner ,Pune',
  Line2: 'Pune 1',
  Line3: '',
  Landmark: 'Aker Solution',
  State: 'MH',
  City: 'Pune',
  Pincode: '411045',
  Country: 'India',
  Phone1: '9876543210',
  Phone2: '',
  IsDefault: '0' }
2017-08-20T08:11:58+0000 <info> Address.js:61 (Query._callback) Address GetAddress [ RowDataPacket { Message: 'Data has been saved successfully.' } ] { Name: 'Risi Raja',
  UserId: 'risiraja@gmail.com',
  UserType: 'Customer',
  Line1: 'Baner ,Pune',
  Line2: 'Pune 1',
  Line3: '',
  Landmark: 'Aker Solution',
  State: 'MH',
  City: 'Pune',
  Pincode: '411045',
  Country: 'India',
  Phone1: '9876543210',
  Phone2: '',
  IsDefault: '1' }
2017-08-20T08:12:21+0000 <info> Address.js:61 (Query._callback) Address GetAddress [ RowDataPacket { Message: 'Data has been saved successfully.' } ] { Name: 'Risi Raja',
  UserId: 'risiraja@gmail.com',
  UserType: 'Customer',
  Line1: 'Baner ,Pune',
  Line2: 'Pune 1',
  Line3: '',
  Landmark: 'Aker Solution',
  State: 'MH',
  City: 'Pune',
  Pincode: '411045',
  Country: 'India',
  Phone1: '9876543210',
  Phone2: '',
  IsDefault: '0' }
2017-08-20T08:15:29+0000 <info> Address.js:61 (Query._callback) Address GetAddress [ RowDataPacket { Message: 'Data has been saved successfully.' } ] { Name: 'Risi Raja',
  UserId: 'risiraja@gmail.com',
  UserType: 'Customer',
  Line1: 'Baner ,Pune',
  Line2: 'Pune 1',
  Line3: '',
  Landmark: 'Aker Solution',
  State: 'MH',
  City: 'Pune',
  Pincode: '411045',
  Country: 'India',
  Phone1: '9876543210',
  Phone2: '',
  IsDefault: '1' }
2017-08-20T08:15:40+0000 <info> Address.js:61 (Query._callback) Address GetAddress [ RowDataPacket { Message: 'Data has been saved successfully.' } ] { Name: 'Risi Raja',
  UserId: 'risiraja@gmail.com',
  UserType: 'Customer',
  Line1: 'Baner ,Pune',
  Line2: 'Pune 1',
  Line3: '',
  Landmark: 'Aker Solution',
  State: 'MH',
  City: 'Pune',
  Pincode: '411045',
  Country: 'India',
  Phone1: '9876543210',
  Phone2: '',
  IsDefault: '0' }
2017-08-20T08:27:42+0000 <info> Address.js:123 (Query._callback) Address GetAddress [] { UserId: 'test@gmail.com' }
2017-08-20T08:27:52+0000 <info> Address.js:115 (Query._callback) Address GetAddress [ RowDataPacket {
    ID: 2,
    Name: 'Risi Raja',
    UserId: 'risiraja@gmail.com',
    UserType: 'Customer',
    Line1: 'Baner ,Pune',
    Line2: null,
    Line3: null,
    Landmark: 'Aker Solution',
    State: 'MH',
    City: 'Pune',
    PinCode: '411045',
    Country: 'India',
    PhoneNo1: '9876543210',
    PhoneNo2: '',
    IsDefault: 0 },
  RowDataPacket {
    ID: 10,
    Name: 'Risi Raja',
    UserId: 'risiraja@gmail.com',
    UserType: 'Customer',
    Line1: 'Baner ,Pune',
    Line2: '',
    Line3: '',
    Landmark: 'Aker Solution',
    State: 'MH',
    City: 'Pune',
    PinCode: '411045',
    Country: 'India',
    PhoneNo1: '9876543210',
    PhoneNo2: '',
    IsDefault: 0 },
  RowDataPacket {
    ID: 11,
    Name: 'Risi Raja',
    UserId: 'risiraja@gmail.com',
    UserType: 'Customer',
    Line1: 'Baner ,Pune',
    Line2: '',
    Line3: '',
    Landmark: 'Aker Solution',
    State: 'MH',
    City: 'Pune',
    PinCode: '411045',
    Country: 'India',
    PhoneNo1: '9876543210',
    PhoneNo2: '',
    IsDefault: 0 },
  RowDataPacket {
    ID: 20,
    Name: 'Risi Raja',
    UserId: 'risiraja@gmail.com',
    UserType: 'Customer',
    Line1: 'Baner ,Pune',
    Line2: 'Pune 1',
    Line3: '',
    Landmark: 'Aker Solution',
    State: 'MH',
    City: 'Pune',
    PinCode: '411045',
    Country: 'India',
    PhoneNo1: '9876543210',
    PhoneNo2: '',
    IsDefault: 0 } ] { UserId: 'risiraja@gmail.com' }
2017-08-20T08:29:02+0000 <info> Address.js:115 (Query._callback) Address GetAddress [ RowDataPacket {
    ID: 7,
    Name: 'Gourav Pal',
    UserId: 'gouravpal@gm.com',
    UserType: 'Customer',
    Line1: 'Baner',
    Line2: null,
    Line3: null,
    Landmark: 'Aker Solutions',
    State: 'MH',
    City: 'Pune',
    PinCode: '657897',
    Country: 'India',
    PhoneNo1: '8965236523',
    PhoneNo2: '9856325698',
    IsDefault: 1 },
  RowDataPacket {
    ID: 8,
    Name: 'Gourav Pal',
    UserId: 'gouravpal@gm.com',
    UserType: 'Customer',
    Line1: 'Baner',
    Line2: 'Baner',
    Line3: null,
    Landmark: 'Aker Solutions',
    State: 'MH',
    City: 'Pune',
    PinCode: '657897',
    Country: 'India',
    PhoneNo1: '8965236523',
    PhoneNo2: '9856325698',
    IsDefault: 1 },
  RowDataPacket {
    ID: 9,
    Name: 'Gourav Pal',
    UserId: 'gouravpal@gm.com',
    UserType: 'Customer',
    Line1: 'Baner',
    Line2: 'Baner',
    Line3: null,
    Landmark: 'Aker Solutions',
    State: 'MH',
    City: 'Pune',
    PinCode: '657897',
    Country: 'India',
    PhoneNo1: '8965236523',
    PhoneNo2: '9856325698',
    IsDefault: 1 },
  RowDataPacket {
    ID: 12,
    Name: 'Gourav Pal',
    UserId: 'gouravpal@gm.com',
    UserType: 'Customer',
    Line1: 'Baner',
    Line2: 'Baner',
    Line3: null,
    Landmark: 'Aker Solutions',
    State: 'MH',
    City: 'Pune',
    PinCode: '657897',
    Country: 'India',
    PhoneNo1: '8965236523',
    PhoneNo2: '9856325698',
    IsDefault: 1 } ] { UserId: 'gouravpal@gm.com' }
2017-08-20T08:29:53+0000 <info> Address.js:115 (Query._callback) Address GetAddress [ RowDataPacket {
    ID: 7,
    Name: 'Gourav Pal',
    UserId: 'gouravpal@gm.com',
    UserType: 'Customer',
    Line1: 'Baner',
    Line2: null,
    Line3: null,
    Landmark: 'Aker Solutions',
    State: 'MH',
    City: 'Pune',
    PinCode: '657897',
    Country: 'India',
    PhoneNo1: '8965236523',
    PhoneNo2: '9856325698',
    IsDefault: 1 },
  RowDataPacket {
    ID: 8,
    Name: 'Gourav Pal',
    UserId: 'gouravpal@gm.com',
    UserType: 'Customer',
    Line1: 'Baner',
    Line2: 'Baner',
    Line3: null,
    Landmark: 'Aker Solutions',
    State: 'MH',
    City: 'Pune',
    PinCode: '657897',
    Country: 'India',
    PhoneNo1: '8965236523',
    PhoneNo2: '9856325698',
    IsDefault: 1 },
  RowDataPacket {
    ID: 9,
    Name: 'Gourav Pal',
    UserId: 'gouravpal@gm.com',
    UserType: 'Customer',
    Line1: 'Baner',
    Line2: 'Baner',
    Line3: null,
    Landmark: 'Aker Solutions',
    State: 'MH',
    City: 'Pune',
    PinCode: '657897',
    Country: 'India',
    PhoneNo1: '8965236523',
    PhoneNo2: '9856325698',
    IsDefault: 1 },
  RowDataPacket {
    ID: 12,
    Name: 'Gourav Pal',
    UserId: 'gouravpal@gm.com',
    UserType: 'Customer',
    Line1: 'Baner',
    Line2: 'Baner',
    Line3: null,
    Landmark: 'Aker Solutions',
    State: 'MH',
    City: 'Pune',
    PinCode: '657897',
    Country: 'India',
    PhoneNo1: '8965236523',
    PhoneNo2: '9856325698',
    IsDefault: 1 } ] { UserId: 'gouravpal@gm.com' }
2017-08-20T10:03:45+0000 <info> Address.js:123 (Query._callback) Address GetAddress [] { UserId: 'shiv@gmail.com' }
2017-08-20T10:04:29+0000 <info> Address.js:123 (Query._callback) Address GetAddress [] { UserId: 'shiv@gmail.com' }
2017-08-20T10:05:41+0000 <info> Address.js:123 (Query._callback) Address GetAddress [] { UserId: 'shiv@gmail.com' }
2017-08-20T10:07:40+0000 <info> Address.js:123 (Query._callback) Address GetAddress [] { UserId: 'shiv@gmail.com' }
2017-08-20T10:07:49+0000 <info> Address.js:123 (Query._callback) Address GetAddress [] { UserId: 'shiv@gmail.com' }
2017-08-20T10:08:00+0000 <info> Address.js:123 (Query._callback) Address GetAddress [] { UserId: 'shiv@gmail.com' }
2017-08-20T10:10:23+0000 <info> Address.js:61 (Query._callback) Address AddAddress [ RowDataPacket { Message: 'Data has been saved successfully.' } ] { City: 'Pune',
  Country: 'India',
  IsDefault: '1',
  Landmark: 'Near Aker Solutions',
  Line1: 'Baner Road',
  Line2: 'Baner',
  Name: 'Anupam Sen',
  Phone1: '9823652365',
  Phone2: '8523697412',
  Pincode: '411045',
  State: 'Maharashtra',
  UserId: 'shiv@gmail.com',
  UserType: 'Customer' }
2017-08-20T10:10:42+0000 <info> Address.js:115 (Query._callback) Address GetAddress [ RowDataPacket {
    ID: 21,
    Name: 'Anupam Sen',
    UserId: 'shiv@gmail.com',
    UserType: 'Customer',
    Line1: 'Baner Road',
    Line2: 'Baner',
    Line3: null,
    Landmark: 'Near Aker Solutions',
    State: 'Maharashtra',
    City: 'Pune',
    PinCode: '411045',
    Country: 'India',
    PhoneNo1: '9823652365',
    PhoneNo2: '8523697412',
    IsDefault: 1 } ] { UserId: 'shiv@gmail.com' }
2017-08-20T10:11:36+0000 <info> Address.js:115 (Query._callback) Address GetAddress [ RowDataPacket {
    ID: 21,
    Name: 'Anupam Sen',
    UserId: 'shiv@gmail.com',
    UserType: 'Customer',
    Line1: 'Baner Road',
    Line2: 'Baner',
    Line3: null,
    Landmark: 'Near Aker Solutions',
    State: 'Maharashtra',
    City: 'Pune',
    PinCode: '411045',
    Country: 'India',
    PhoneNo1: '9823652365',
    PhoneNo2: '8523697412',
    IsDefault: 1 } ] { UserId: 'shiv@gmail.com' }
2017-08-20T10:30:48+0000 <info> Address.js:115 (Query._callback) Address GetAddress [ RowDataPacket {
    ID: 21,
    Name: 'Anupam Sen',
    UserId: 'shiv@gmail.com',
    UserType: 'Customer',
    Line1: 'Baner Road',
    Line2: 'Baner',
    Line3: null,
    Landmark: 'Near Aker Solutions',
    State: 'Maharashtra',
    City: 'Pune',
    PinCode: '411045',
    Country: 'India',
    PhoneNo1: '9823652365',
    PhoneNo2: '8523697412',
    IsDefault: 1 } ] { UserId: 'shiv@gmail.com' }
2017-08-20T10:48:24+0000 <info> Address.js:115 (Query._callback) Address GetAddress [ RowDataPacket {
    ID: 21,
    Name: 'Anupam Sen',
    UserId: 'shiv@gmail.com',
    UserType: 'Customer',
    Line1: 'Baner Road',
    Line2: 'Baner',
    Line3: null,
    Landmark: 'Near Aker Solutions',
    State: 'Maharashtra',
    City: 'Pune',
    PinCode: '411045',
    Country: 'India',
    PhoneNo1: '9823652365',
    PhoneNo2: '8523697412',
    IsDefault: 1 } ] { UserId: 'shiv@gmail.com' }
2017-08-20T10:49:20+0000 <info> Address.js:61 (Query._callback) Address AddAddress [ RowDataPacket { Message: 'Data has been saved successfully.' } ] { City: 'Pune',
  Country: 'India',
  IsDefault: '1',
  Landmark: 'Near chandrma Hotel',
  Line1: 'Pune Baner',
  Line2: 'Pune',
  Name: 'Gourav Pal',
  Phone1: '9856325698',
  Phone2: '',
  Pincode: '411045',
  State: 'MH',
  UserId: 'shiv@gmail.com',
  UserType: 'Customer' }
2017-08-20T10:49:25+0000 <info> Address.js:115 (Query._callback) Address GetAddress [ RowDataPacket {
    ID: 21,
    Name: 'Anupam Sen',
    UserId: 'shiv@gmail.com',
    UserType: 'Customer',
    Line1: 'Baner Road',
    Line2: 'Baner',
    Line3: null,
    Landmark: 'Near Aker Solutions',
    State: 'Maharashtra',
    City: 'Pune',
    PinCode: '411045',
    Country: 'India',
    PhoneNo1: '9823652365',
    PhoneNo2: '8523697412',
    IsDefault: 0 },
  RowDataPacket {
    ID: 22,
    Name: 'Gourav Pal',
    UserId: 'shiv@gmail.com',
    UserType: 'Customer',
    Line1: 'Pune Baner',
    Line2: 'Pune',
    Line3: null,
    Landmark: 'Near chandrma Hotel',
    State: 'MH',
    City: 'Pune',
    PinCode: '411045',
    Country: 'India',
    PhoneNo1: '9856325698',
    PhoneNo2: '',
    IsDefault: 1 } ] { UserId: 'shiv@gmail.com' }
2017-08-20T10:51:04+0000 <info> Address.js:61 (Query._callback) Address AddAddress [ RowDataPacket { Message: 'Data has been saved successfully.' } ] { City: 'Pune',
  Country: 'Ind',
  IsDefault: '0',
  Landmark: 'Near Chaturshringi Temple',
  Line1: 'SB Road',
  Line2: 'Pune',
  Name: 'Ajay Santra',
  Phone1: '9865321254',
  Phone2: '',
  Pincode: '411016',
  State: 'MH',
  UserId: 'shiv@gmail.com',
  UserType: 'Customer' }
2017-08-20T10:51:08+0000 <info> Address.js:115 (Query._callback) Address GetAddress [ RowDataPacket {
    ID: 21,
    Name: 'Anupam Sen',
    UserId: 'shiv@gmail.com',
    UserType: 'Customer',
    Line1: 'Baner Road',
    Line2: 'Baner',
    Line3: null,
    Landmark: 'Near Aker Solutions',
    State: 'Maharashtra',
    City: 'Pune',
    PinCode: '411045',
    Country: 'India',
    PhoneNo1: '9823652365',
    PhoneNo2: '8523697412',
    IsDefault: 0 },
  RowDataPacket {
    ID: 22,
    Name: 'Gourav Pal',
    UserId: 'shiv@gmail.com',
    UserType: 'Customer',
    Line1: 'Pune Baner',
    Line2: 'Pune',
    Line3: null,
    Landmark: 'Near chandrma Hotel',
    State: 'MH',
    City: 'Pune',
    PinCode: '411045',
    Country: 'India',
    PhoneNo1: '9856325698',
    PhoneNo2: '',
    IsDefault: 1 },
  RowDataPacket {
    ID: 23,
    Name: 'Ajay Santra',
    UserId: 'shiv@gmail.com',
    UserType: 'Customer',
    Line1: 'SB Road',
    Line2: 'Pune',
    Line3: null,
    Landmark: 'Near Chaturshringi Temple',
    State: 'MH',
    City: 'Pune',
    PinCode: '411016',
    Country: 'Ind',
    PhoneNo1: '9865321254',
    PhoneNo2: '',
    IsDefault: 0 } ] { UserId: 'shiv@gmail.com' }
2017-08-20T10:52:13+0000 <info> Address.js:61 (Query._callback) Address AddAddress [ RowDataPacket { Message: 'Data has been saved successfully.' } ] { City: 'pune',
  Country: 'ind',
  IsDefault: '0',
  Landmark: 'near pune station',
  Line1: 'Firstcry Offc',
  Line2: 'tadiwsla road',
  Name: 'Abhidhek Sharma',
  Phone1: '9856236512',
  Phone2: '',
  Pincode: '411012',
  State: 'mh',
  UserId: 'shiv@gmail.com',
  UserType: 'Customer' }
2017-08-20T10:52:15+0000 <info> Address.js:115 (Query._callback) Address GetAddress [ RowDataPacket {
    ID: 21,
    Name: 'Anupam Sen',
    UserId: 'shiv@gmail.com',
    UserType: 'Customer',
    Line1: 'Baner Road',
    Line2: 'Baner',
    Line3: null,
    Landmark: 'Near Aker Solutions',
    State: 'Maharashtra',
    City: 'Pune',
    PinCode: '411045',
    Country: 'India',
    PhoneNo1: '9823652365',
    PhoneNo2: '8523697412',
    IsDefault: 0 },
  RowDataPacket {
    ID: 22,
    Name: 'Gourav Pal',
    UserId: 'shiv@gmail.com',
    UserType: 'Customer',
    Line1: 'Pune Baner',
    Line2: 'Pune',
    Line3: null,
    Landmark: 'Near chandrma Hotel',
    State: 'MH',
    City: 'Pune',
    PinCode: '411045',
    Country: 'India',
    PhoneNo1: '9856325698',
    PhoneNo2: '',
    IsDefault: 1 },
  RowDataPacket {
    ID: 23,
    Name: 'Ajay Santra',
    UserId: 'shiv@gmail.com',
    UserType: 'Customer',
    Line1: 'SB Road',
    Line2: 'Pune',
    Line3: null,
    Landmark: 'Near Chaturshringi Temple',
    State: 'MH',
    City: 'Pune',
    PinCode: '411016',
    Country: 'Ind',
    PhoneNo1: '9865321254',
    PhoneNo2: '',
    IsDefault: 0 },
  RowDataPacket {
    ID: 24,
    Name: 'Abhidhek Sharma',
    UserId: 'shiv@gmail.com',
    UserType: 'Customer',
    Line1: 'Firstcry Offc',
    Line2: 'tadiwsla road',
    Line3: null,
    Landmark: 'near pune station',
    State: 'mh',
    City: 'pune',
    PinCode: '411012',
    Country: 'ind',
    PhoneNo1: '9856236512',
    PhoneNo2: '',
    IsDefault: 0 } ] { UserId: 'shiv@gmail.com' }
2017-08-20T10:52:36+0000 <info> Address.js:115 (Query._callback) Address GetAddress [ RowDataPacket {
    ID: 21,
    Name: 'Anupam Sen',
    UserId: 'shiv@gmail.com',
    UserType: 'Customer',
    Line1: 'Baner Road',
    Line2: 'Baner',
    Line3: null,
    Landmark: 'Near Aker Solutions',
    State: 'Maharashtra',
    City: 'Pune',
    PinCode: '411045',
    Country: 'India',
    PhoneNo1: '9823652365',
    PhoneNo2: '8523697412',
    IsDefault: 0 },
  RowDataPacket {
    ID: 22,
    Name: 'Gourav Pal',
    UserId: 'shiv@gmail.com',
    UserType: 'Customer',
    Line1: 'Pune Baner',
    Line2: 'Pune',
    Line3: null,
    Landmark: 'Near chandrma Hotel',
    State: 'MH',
    City: 'Pune',
    PinCode: '411045',
    Country: 'India',
    PhoneNo1: '9856325698',
    PhoneNo2: '',
    IsDefault: 1 },
  RowDataPacket {
    ID: 23,
    Name: 'Ajay Santra',
    UserId: 'shiv@gmail.com',
    UserType: 'Customer',
    Line1: 'SB Road',
    Line2: 'Pune',
    Line3: null,
    Landmark: 'Near Chaturshringi Temple',
    State: 'MH',
    City: 'Pune',
    PinCode: '411016',
    Country: 'Ind',
    PhoneNo1: '9865321254',
    PhoneNo2: '',
    IsDefault: 0 },
  RowDataPacket {
    ID: 24,
    Name: 'Abhidhek Sharma',
    UserId: 'shiv@gmail.com',
    UserType: 'Customer',
    Line1: 'Firstcry Offc',
    Line2: 'tadiwsla road',
    Line3: null,
    Landmark: 'near pune station',
    State: 'mh',
    City: 'pune',
    PinCode: '411012',
    Country: 'ind',
    PhoneNo1: '9856236512',
    PhoneNo2: '',
    IsDefault: 0 } ] { UserId: 'shiv@gmail.com' }
2017-08-20T10:52:38+0000 <info> Address.js:115 (Query._callback) Address GetAddress [ RowDataPacket {
    ID: 21,
    Name: 'Anupam Sen',
    UserId: 'shiv@gmail.com',
    UserType: 'Customer',
    Line1: 'Baner Road',
    Line2: 'Baner',
    Line3: null,
    Landmark: 'Near Aker Solutions',
    State: 'Maharashtra',
    City: 'Pune',
    PinCode: '411045',
    Country: 'India',
    PhoneNo1: '9823652365',
    PhoneNo2: '8523697412',
    IsDefault: 0 },
  RowDataPacket {
    ID: 22,
    Name: 'Gourav Pal',
    UserId: 'shiv@gmail.com',
    UserType: 'Customer',
    Line1: 'Pune Baner',
    Line2: 'Pune',
    Line3: null,
    Landmark: 'Near chandrma Hotel',
    State: 'MH',
    City: 'Pune',
    PinCode: '411045',
    Country: 'India',
    PhoneNo1: '9856325698',
    PhoneNo2: '',
    IsDefault: 1 },
  RowDataPacket {
    ID: 23,
    Name: 'Ajay Santra',
    UserId: 'shiv@gmail.com',
    UserType: 'Customer',
    Line1: 'SB Road',
    Line2: 'Pune',
    Line3: null,
    Landmark: 'Near Chaturshringi Temple',
    State: 'MH',
    City: 'Pune',
    PinCode: '411016',
    Country: 'Ind',
    PhoneNo1: '9865321254',
    PhoneNo2: '',
    IsDefault: 0 },
  RowDataPacket {
    ID: 24,
    Name: 'Abhidhek Sharma',
    UserId: 'shiv@gmail.com',
    UserType: 'Customer',
    Line1: 'Firstcry Offc',
    Line2: 'tadiwsla road',
    Line3: null,
    Landmark: 'near pune station',
    State: 'mh',
    City: 'pune',
    PinCode: '411012',
    Country: 'ind',
    PhoneNo1: '9856236512',
    PhoneNo2: '',
    IsDefault: 0 } ] { UserId: 'shiv@gmail.com' }
2017-08-20T10:54:36+0000 <info> Address.js:115 (Query._callback) Address GetAddress [ RowDataPacket {
    ID: 21,
    Name: 'Anupam Sen',
    UserId: 'shiv@gmail.com',
    UserType: 'Customer',
    Line1: 'Baner Road',
    Line2: 'Baner',
    Line3: null,
    Landmark: 'Near Aker Solutions',
    State: 'Maharashtra',
    City: 'Pune',
    PinCode: '411045',
    Country: 'India',
    PhoneNo1: '9823652365',
    PhoneNo2: '8523697412',
    IsDefault: 0 },
  RowDataPacket {
    ID: 22,
    Name: 'Gourav Pal',
    UserId: 'shiv@gmail.com',
    UserType: 'Customer',
    Line1: 'Pune Baner',
    Line2: 'Pune',
    Line3: null,
    Landmark: 'Near chandrma Hotel',
    State: 'MH',
    City: 'Pune',
    PinCode: '411045',
    Country: 'India',
    PhoneNo1: '9856325698',
    PhoneNo2: '',
    IsDefault: 1 },
  RowDataPacket {
    ID: 23,
    Name: 'Ajay Santra',
    UserId: 'shiv@gmail.com',
    UserType: 'Customer',
    Line1: 'SB Road',
    Line2: 'Pune',
    Line3: null,
    Landmark: 'Near Chaturshringi Temple',
    State: 'MH',
    City: 'Pune',
    PinCode: '411016',
    Country: 'Ind',
    PhoneNo1: '9865321254',
    PhoneNo2: '',
    IsDefault: 0 },
  RowDataPacket {
    ID: 24,
    Name: 'Abhidhek Sharma',
    UserId: 'shiv@gmail.com',
    UserType: 'Customer',
    Line1: 'Firstcry Offc',
    Line2: 'tadiwsla road',
    Line3: null,
    Landmark: 'near pune station',
    State: 'mh',
    City: 'pune',
    PinCode: '411012',
    Country: 'ind',
    PhoneNo1: '9856236512',
    PhoneNo2: '',
    IsDefault: 0 } ] { UserId: 'shiv@gmail.com' }
2017-08-20T10:54:39+0000 <info> Address.js:115 (Query._callback) Address GetAddress [ RowDataPacket {
    ID: 21,
    Name: 'Anupam Sen',
    UserId: 'shiv@gmail.com',
    UserType: 'Customer',
    Line1: 'Baner Road',
    Line2: 'Baner',
    Line3: null,
    Landmark: 'Near Aker Solutions',
    State: 'Maharashtra',
    City: 'Pune',
    PinCode: '411045',
    Country: 'India',
    PhoneNo1: '9823652365',
    PhoneNo2: '8523697412',
    IsDefault: 0 },
  RowDataPacket {
    ID: 22,
    Name: 'Gourav Pal',
    UserId: 'shiv@gmail.com',
    UserType: 'Customer',
    Line1: 'Pune Baner',
    Line2: 'Pune',
    Line3: null,
    Landmark: 'Near chandrma Hotel',
    State: 'MH',
    City: 'Pune',
    PinCode: '411045',
    Country: 'India',
    PhoneNo1: '9856325698',
    PhoneNo2: '',
    IsDefault: 1 },
  RowDataPacket {
    ID: 23,
    Name: 'Ajay Santra',
    UserId: 'shiv@gmail.com',
    UserType: 'Customer',
    Line1: 'SB Road',
    Line2: 'Pune',
    Line3: null,
    Landmark: 'Near Chaturshringi Temple',
    State: 'MH',
    City: 'Pune',
    PinCode: '411016',
    Country: 'Ind',
    PhoneNo1: '9865321254',
    PhoneNo2: '',
    IsDefault: 0 },
  RowDataPacket {
    ID: 24,
    Name: 'Abhidhek Sharma',
    UserId: 'shiv@gmail.com',
    UserType: 'Customer',
    Line1: 'Firstcry Offc',
    Line2: 'tadiwsla road',
    Line3: null,
    Landmark: 'near pune station',
    State: 'mh',
    City: 'pune',
    PinCode: '411012',
    Country: 'ind',
    PhoneNo1: '9856236512',
    PhoneNo2: '',
    IsDefault: 0 } ] { UserId: 'shiv@gmail.com' }
2017-08-20T10:54:59+0000 <info> UserAuth.js:192 (Query._callback) UserAuth User Update [ RowDataPacket {
    ContactNo: '9658235623',
    Gender: 'Male',
    UserId: 'shiv@gmail.com',
    FullName: 'shivnath pal',
    CustomerId: 'C0001',
    Password: 'sha1$4bd7c1b5$1$e680fdedb5ffda68290d18b87ae029544aec6960',
    Message: '' } ] { ContactNo: '9658235623',
  DOB: '',
  Gender: 'Male',
  UserId: 'shiv@gmail.com' }
2017-08-20T11:07:22+0000 <info> Address.js:115 (Query._callback) Address GetAddress [ RowDataPacket {
    ID: 21,
    Name: 'Anupam Sen',
    UserId: 'shiv@gmail.com',
    UserType: 'Customer',
    Line1: 'Baner Road',
    Line2: 'Baner',
    Line3: null,
    Landmark: 'Near Aker Solutions',
    State: 'Maharashtra',
    City: 'Pune',
    PinCode: '411045',
    Country: 'India',
    PhoneNo1: '9823652365',
    PhoneNo2: '8523697412',
    IsDefault: 0 },
  RowDataPacket {
    ID: 22,
    Name: 'Gourav Pal',
    UserId: 'shiv@gmail.com',
    UserType: 'Customer',
    Line1: 'Pune Baner',
    Line2: 'Pune',
    Line3: null,
    Landmark: 'Near chandrma Hotel',
    State: 'MH',
    City: 'Pune',
    PinCode: '411045',
    Country: 'India',
    PhoneNo1: '9856325698',
    PhoneNo2: '',
    IsDefault: 1 },
  RowDataPacket {
    ID: 23,
    Name: 'Ajay Santra',
    UserId: 'shiv@gmail.com',
    UserType: 'Customer',
    Line1: 'SB Road',
    Line2: 'Pune',
    Line3: null,
    Landmark: 'Near Chaturshringi Temple',
    State: 'MH',
    City: 'Pune',
    PinCode: '411016',
    Country: 'Ind',
    PhoneNo1: '9865321254',
    PhoneNo2: '',
    IsDefault: 0 },
  RowDataPacket {
    ID: 24,
    Name: 'Abhidhek Sharma',
    UserId: 'shiv@gmail.com',
    UserType: 'Customer',
    Line1: 'Firstcry Offc',
    Line2: 'tadiwsla road',
    Line3: null,
    Landmark: 'near pune station',
    State: 'mh',
    City: 'pune',
    PinCode: '411012',
    Country: 'ind',
    PhoneNo1: '9856236512',
    PhoneNo2: '',
    IsDefault: 0 } ] { UserId: 'shiv@gmail.com' }
2017-08-20T20:49:58+0530 <info> store.js:40 (Query.connection.query [as _callback]) Get Store Store [ RowDataPacket {
    StoreId: 'ST001',
    EmailId: 'store@eco.com',
    StoreName: 'store 1',
    FullName: 'store  lname',
    MobileNo: '987654321',
    ContactNo: '22-6009876',
    CustomerCareNumber: '1800123456',
    Latitude: '18.5679387',
    Longitude: '73.785364',
    SellerName: 'Saller Pvt. Ltd.',
    SellerId: 'S0001' } ] { StoreId: 'store@eco.com' }
