2017-08-16T22:09:43+0530 <info> store.js:40 (Query.connection.query [as _callback]) Get Store Store [ RowDataPacket {
    StoreId: 'ST001',
    EmailId: 'store@eco.com',
    StoreName: 'store 1',
    FullName: 'store  lname',
    MobileNo: '987654321',
    ContactNo: '22-6009876',
    CustomerCareNumber: '1800123456',
    Latitude: '18.5679387',
    Longitude: '73.785364',
    SellerName: 'Saller Pvt. Ltd.',
    SellerId: 'S0001' } ] { StoreId: '' }
2017-08-16T22:10:00+0530 <info> store.js:40 (Query.connection.query [as _callback]) Get Store Store [ RowDataPacket {
    StoreId: 'ST001',
    EmailId: 'store@eco.com',
    StoreName: 'store 1',
    FullName: 'store  lname',
    MobileNo: '987654321',
    ContactNo: '22-6009876',
    CustomerCareNumber: '1800123456',
    Latitude: '18.5679387',
    Longitude: '73.785364',
    SellerName: 'Saller Pvt. Ltd.',
    SellerId: 'S0001' } ] { StoreId: '' }
2017-08-16T22:15:21+0530 <info> UserAuth.js:54 (Query.connection.query [as _callback]) UserAuth Login [ RowDataPacket {
    ContactNo: '9876543210',
    Gender: 'Male',
    UserId: 'gourav@db.com',
    FullName: 'gourav Pal',
    CustomerId: 'gourav20170808',
    Password: 'sha1$ed2f50fd$1$9d300dc13f25579400d8e060458b395282979b21',
    Message: '' } ] { UserId: 'gourav@db.com', Password: 'gourav' }
2017-08-16T22:22:01+0530 <info> customer.js:30 (Query._callback) Customer CustomerList { ErrorMessage: '',
  ResponseCode: '200',
  Data: 
   [ RowDataPacket {
       ID: 6,
       CustomerId: 'gourav20170808',
       UserId: 'gourav@db.com',
       FirstName: 'gourav',
       LastName: 'Pal',
       ContactNo: '9876543210',
       Gender: 'Male',
       DOB: 2017-09-08T18:30:00.000Z,
       ReferralCode: null,
       MyReferral: null,
       MaritalStatus: 'Single',
       ReferedBy: null,
       IsActive: 1,
       CreatedBy: 'admin@api.com',
       CreatedDate: 2017-08-07T18:30:00.000Z,
       ModifyBy: null,
       ModifyDate: 2017-08-07T18:30:00.000Z },
     RowDataPacket {
       ID: 7,
       CustomerId: 'ajay20170808',
       UserId: 'ajay@firstcry.com',
       FirstName: 'ajay',
       LastName: 'santra',
       ContactNo: '9876543210',
       Gender: 'Male',
       DOB: 2017-09-08T18:30:00.000Z,
       ReferralCode: null,
       MyReferral: null,
       MaritalStatus: 'Single',
       ReferedBy: null,
       IsActive: 1,
       CreatedBy: 'admin@api.com',
       CreatedDate: 2017-08-07T18:30:00.000Z,
       ModifyBy: null,
       ModifyDate: 2017-08-07T18:30:00.000Z },
     RowDataPacket {
       ID: 8,
       CustomerId: 'C0001',
       UserId: 'rahulm@gmail.com',
       FirstName: 'abhi',
       LastName: 'Sharma',
       ContactNo: '9876543210',
       Gender: 'Male',
       DOB: null,
       ReferralCode: '15955412PF63417867',
       MyReferral: null,
       MaritalStatus: null,
       ReferedBy: null,
       IsActive: 1,
       CreatedBy: 'abhi@gmail.com',
       CreatedDate: 2017-08-12T04:15:28.000Z,
       ModifyBy: 'abhi@gmail.com',
       ModifyDate: 2017-08-12T04:15:28.000Z },
     RowDataPacket {
       ID: 9,
       CustomerId: 'C0001',
       UserId: 'test@gmail.com',
       FirstName: 'test',
       LastName: 'k',
       ContactNo: '8568565236',
       Gender: 'Male',
       DOB: null,
       ReferralCode: '',
       MyReferral: null,
       MaritalStatus: null,
       ReferedBy: null,
       IsActive: 1,
       CreatedBy: null,
       CreatedDate: 2017-08-12T19:24:32.000Z,
       ModifyBy: null,
       ModifyDate: 2017-08-12T19:24:32.000Z } ] } {}
